<?xml version="1.0" encoding="UTF-8"?>
<coverage generated="1606380616959" clover="3.2.0">
  <project timestamp="1606380616959" name="All files">
    <metrics statements="122" coveredstatements="120" conditionals="115" coveredconditionals="101" methods="16" coveredmethods="16" elements="253" coveredelements="237" complexity="0" loc="122" ncloc="122" packages="1" files="3" classes="3"/>
    <file name="index.ts" path="/home/khaled/projects/web/tiny-schema-validator/src/index.ts">
      <metrics statements="14" coveredstatements="14" conditionals="6" coveredconditionals="6" methods="3" coveredmethods="3"/>
      <line num="1" count="1" type="stmt"/>
      <line num="3" count="1" type="stmt"/>
      <line num="5" count="1" type="stmt"/>
      <line num="17" count="1" type="stmt"/>
      <line num="18" count="14" type="cond" truecount="2" falsecount="0"/>
      <line num="19" count="3" type="stmt"/>
      <line num="22" count="11" type="stmt"/>
      <line num="23" count="11" type="stmt"/>
      <line num="25" count="11" type="stmt"/>
      <line num="27" count="3" type="cond" truecount="2" falsecount="0"/>
      <line num="28" count="2" type="stmt"/>
      <line num="31" count="8" type="stmt"/>
      <line num="32" count="5" type="cond" truecount="2" falsecount="0"/>
      <line num="33" count="1" type="stmt"/>
    </file>
    <file name="validate.ts" path="/home/khaled/projects/web/tiny-schema-validator/src/validate.ts">
      <metrics statements="39" coveredstatements="38" conditionals="20" coveredconditionals="19" methods="5" coveredmethods="5"/>
      <line num="1" count="1" type="stmt"/>
      <line num="2" count="1" type="stmt"/>
      <line num="5" count="5" type="stmt"/>
      <line num="6" count="5" type="stmt"/>
      <line num="7" count="5" type="stmt"/>
      <line num="8" count="5" type="stmt"/>
      <line num="9" count="10" type="stmt"/>
      <line num="10" count="10" type="cond" truecount="2" falsecount="0"/>
      <line num="11" count="1" type="stmt"/>
      <line num="12" count="1" type="stmt"/>
      <line num="13" count="1" type="stmt"/>
      <line num="14" count="9" type="cond" truecount="2" falsecount="0"/>
      <line num="15" count="4" type="stmt"/>
      <line num="16" count="4" type="stmt"/>
      <line num="17" count="4" type="stmt"/>
      <line num="19" count="5" type="stmt"/>
      <line num="22" count="5" type="stmt"/>
      <line num="26" count="5" type="cond" truecount="3" falsecount="1"/>
      <line num="27" count="5" type="stmt"/>
      <line num="28" count="5" type="stmt"/>
      <line num="30" count="0" type="stmt"/>
      <line num="39" count="1" type="stmt"/>
      <line num="40" count="11" type="stmt"/>
      <line num="42" count="11" type="stmt"/>
      <line num="43" count="32" type="cond" truecount="2" falsecount="0"/>
      <line num="44" count="6" type="stmt"/>
      <line num="47" count="26" type="stmt"/>
      <line num="49" count="62" type="stmt"/>
      <line num="50" count="62" type="stmt"/>
      <line num="51" count="62" type="stmt"/>
      <line num="52" count="62" type="cond" truecount="4" falsecount="0"/>
      <line num="53" count="3" type="stmt"/>
      <line num="55" count="59" type="stmt"/>
      <line num="56" count="59" type="stmt"/>
      <line num="58" count="59" type="cond" truecount="2" falsecount="0"/>
      <line num="59" count="18" type="stmt"/>
      <line num="61" count="59" type="cond" truecount="2" falsecount="0"/>
      <line num="62" count="5" type="stmt"/>
      <line num="66" count="23" type="cond" truecount="2" falsecount="0"/>
    </file>
    <file name="validators.ts" path="/home/khaled/projects/web/tiny-schema-validator/src/validators.ts">
      <metrics statements="69" coveredstatements="68" conditionals="89" coveredconditionals="76" methods="8" coveredmethods="8"/>
      <line num="1" count="1" type="stmt"/>
      <line num="44" count="1" type="stmt"/>
      <line num="45" count="77" type="cond" truecount="2" falsecount="0"/>
      <line num="47" count="1" type="stmt"/>
      <line num="48" count="43" type="cond" truecount="2" falsecount="0"/>
      <line num="50" count="42" type="cond" truecount="2" falsecount="0"/>
      <line num="52" count="34" type="cond" truecount="2" falsecount="0"/>
      <line num="53" count="34" type="cond" truecount="5" falsecount="0"/>
      <line num="55" count="32" type="cond" truecount="2" falsecount="0"/>
      <line num="56" count="32" type="cond" truecount="6" falsecount="0"/>
      <line num="57" count="2" type="stmt"/>
      <line num="59" count="30" type="cond" truecount="2" falsecount="0"/>
      <line num="61" count="30" type="cond" truecount="6" falsecount="0"/>
      <line num="62" count="3" type="stmt"/>
      <line num="64" count="27" type="stmt"/>
      <line num="67" count="1" type="stmt"/>
      <line num="68" count="17" type="cond" truecount="1" falsecount="1"/>
      <line num="70" count="17" type="cond" truecount="2" falsecount="0"/>
      <line num="72" count="12" type="cond" truecount="1" falsecount="1"/>
      <line num="74" count="12" type="cond" truecount="2" falsecount="0"/>
      <line num="75" count="12" type="cond" truecount="6" falsecount="0"/>
      <line num="77" count="10" type="cond" truecount="2" falsecount="0"/>
      <line num="78" count="10" type="cond" truecount="5" falsecount="1"/>
      <line num="80" count="10" type="stmt"/>
      <line num="83" count="1" type="stmt"/>
      <line num="84" count="9" type="cond" truecount="1" falsecount="1"/>
      <line num="86" count="9" type="cond" truecount="2" falsecount="0"/>
      <line num="88" count="8" type="stmt"/>
      <line num="91" count="1" type="stmt"/>
      <line num="95" count="4" type="cond" truecount="1" falsecount="1"/>
      <line num="97" count="4" type="cond" truecount="1" falsecount="1"/>
      <line num="99" count="4" type="cond" truecount="1" falsecount="1"/>
      <line num="101" count="4" type="stmt"/>
      <line num="102" count="4" type="stmt"/>
      <line num="103" count="4" type="stmt"/>
      <line num="105" count="4" type="stmt"/>
      <line num="106" count="8" type="stmt"/>
      <line num="107" count="8" type="stmt"/>
      <line num="108" count="8" type="stmt"/>
      <line num="109" count="8" type="cond" truecount="2" falsecount="0"/>
      <line num="112" count="4" type="cond" truecount="1" falsecount="1"/>
      <line num="113" count="4" type="stmt"/>
      <line num="114" count="9" type="stmt"/>
      <line num="116" count="4" type="stmt"/>
      <line num="117" count="1" type="stmt"/>
      <line num="118" count="1" type="stmt"/>
      <line num="119" count="1" type="cond" truecount="1" falsecount="1"/>
      <line num="123" count="4" type="cond" truecount="2" falsecount="0"/>
      <line num="126" count="1" type="stmt"/>
      <line num="127" count="4" type="cond" truecount="1" falsecount="1"/>
      <line num="129" count="4" type="cond" truecount="1" falsecount="1"/>
      <line num="131" count="4" type="cond" truecount="1" falsecount="1"/>
      <line num="133" count="4" type="stmt"/>
      <line num="135" count="4" type="stmt"/>
      <line num="136" count="9" type="stmt"/>
      <line num="137" count="9" type="cond" truecount="2" falsecount="0"/>
      <line num="140" count="4" type="cond" truecount="2" falsecount="0"/>
      <line num="143" count="1" type="stmt"/>
      <line num="144" count="77" type="cond" truecount="2" falsecount="0"/>
      <line num="145" count="43" type="stmt"/>
      <line num="146" count="34" type="cond" truecount="2" falsecount="0"/>
      <line num="147" count="17" type="stmt"/>
      <line num="148" count="17" type="cond" truecount="2" falsecount="0"/>
      <line num="149" count="4" type="stmt"/>
      <line num="150" count="13" type="cond" truecount="2" falsecount="0"/>
      <line num="151" count="9" type="stmt"/>
      <line num="152" count="4" type="cond" truecount="1" falsecount="1"/>
      <line num="153" count="4" type="stmt"/>
      <line num="156" count="0" type="stmt"/>
    </file>
  </project>
</coverage>
