{"/home/khaled/projects/web/tiny-schema-validator/src/index.ts": {"path":"/home/khaled/projects/web/tiny-schema-validator/src/index.ts","statementMap":{"0":{"start":{"line":1,"column":0},"end":{"line":1,"column":52}},"1":{"start":{"line":3,"column":0},"end":{"line":3,"column":61}},"2":{"start":{"line":5,"column":13},"end":{"line":5,"column":43}},"3":{"start":{"line":18,"column":2},"end":{"line":20,"column":null}},"4":{"start":{"line":19,"column":4},"end":{"line":19,"column":55}},"5":{"start":{"line":22,"column":17},"end":{"line":22,"column":46}},"6":{"start":{"line":23,"column":19},"end":{"line":23,"column":52}},"7":{"start":{"line":25,"column":2},"end":{"line":35,"column":5}},"8":{"start":{"line":27,"column":26},"end":{"line":27,"column":null}},"9":{"start":{"line":28,"column":6},"end":{"line":28,"column":73}},"10":{"start":{"line":31,"column":21},"end":{"line":31,"column":35}},"11":{"start":{"line":32,"column":6},"end":{"line":32,"column":31}},"12":{"start":{"line":32,"column":18},"end":{"line":32,"column":31}},"13":{"start":{"line":33,"column":6},"end":{"line":33,"column":18}},"14":{"start":{"line":17,"column":0},"end":{"line":17,"column":16}}},"fnMap":{"0":{"name":"createSchema","decl":{"start":{"line":17,"column":16},"end":{"line":17,"column":28}},"loc":{"start":{"line":17,"column":47},"end":{"line":36,"column":1}}},"1":{"name":"(anonymous_1)","decl":{"start":{"line":27,"column":4},"end":{"line":27,"column":25}},"loc":{"start":{"line":27,"column":54},"end":{"line":29,"column":5}}},"2":{"name":"(anonymous_2)","decl":{"start":{"line":30,"column":4},"end":{"line":30,"column":11}},"loc":{"start":{"line":30,"column":19},"end":{"line":34,"column":5}}}},"branchMap":{"0":{"loc":{"start":{"line":18,"column":2},"end":{"line":20,"column":null}},"type":"if","locations":[{"start":{"line":18,"column":2},"end":{"line":20,"column":null}},{"start":{"line":18,"column":2},"end":{"line":20,"column":null}}]},"1":{"loc":{"start":{"line":27,"column":26},"end":{"line":27,"column":null}},"type":"if","locations":[{"start":{"line":27,"column":26},"end":{"line":27,"column":null}},{"start":{"line":27,"column":26},"end":{"line":27,"column":null}}]},"2":{"loc":{"start":{"line":32,"column":6},"end":{"line":32,"column":31}},"type":"if","locations":[{"start":{"line":32,"column":6},"end":{"line":32,"column":31}},{"start":{"line":32,"column":6},"end":{"line":32,"column":31}}]}},"s":{"0":1,"1":1,"2":1,"3":14,"4":3,"5":11,"6":11,"7":11,"8":3,"9":2,"10":8,"11":5,"12":4,"13":1,"14":1},"f":{"0":14,"1":2,"2":8},"b":{"0":[3,11],"1":[1,1],"2":[4,1]}}
,"/home/khaled/projects/web/tiny-schema-validator/src/validate.ts": {"path":"/home/khaled/projects/web/tiny-schema-validator/src/validate.ts","statementMap":{"0":{"start":{"line":1,"column":0},"end":{"line":1,"column":50}},"1":{"start":{"line":2,"column":0},"end":{"line":2,"column":40}},"2":{"start":{"line":5,"column":16},"end":{"line":5,"column":30}},"3":{"start":{"line":6,"column":19},"end":{"line":6,"column":32}},"4":{"start":{"line":7,"column":12},"end":{"line":7,"column":14}},"5":{"start":{"line":8,"column":2},"end":{"line":21,"column":null}},"6":{"start":{"line":8,"column":15},"end":{"line":8,"column":16}},"7":{"start":{"line":9,"column":17},"end":{"line":9,"column":25}},"8":{"start":{"line":10,"column":4},"end":{"line":20,"column":null}},"9":{"start":{"line":11,"column":6},"end":{"line":11,"column":26}},"10":{"start":{"line":12,"column":26},"end":{"line":12,"column":40}},"11":{"start":{"line":12,"column":22},"end":{"line":12,"column":26}},"12":{"start":{"line":13,"column":6},"end":{"line":13,"column":32}},"13":{"start":{"line":14,"column":11},"end":{"line":20,"column":null}},"14":{"start":{"line":15,"column":6},"end":{"line":15,"column":26}},"15":{"start":{"line":16,"column":26},"end":{"line":16,"column":40}},"16":{"start":{"line":16,"column":22},"end":{"line":16,"column":26}},"17":{"start":{"line":17,"column":6},"end":{"line":17,"column":34}},"18":{"start":{"line":19,"column":6},"end":{"line":19,"column":12}},"19":{"start":{"line":22,"column":2},"end":{"line":22,"column":38}},"20":{"start":{"line":26,"column":2},"end":{"line":31,"column":null}},"21":{"start":{"line":27,"column":26},"end":{"line":27,"column":46}},"22":{"start":{"line":27,"column":13},"end":{"line":27,"column":15}},"23":{"start":{"line":27,"column":22},"end":{"line":27,"column":26}},"24":{"start":{"line":28,"column":4},"end":{"line":28,"column":43}},"25":{"start":{"line":30,"column":4},"end":{"line":30,"column":36}},"26":{"start":{"line":40,"column":21},"end":{"line":40,"column":40}},"27":{"start":{"line":42,"column":2},"end":{"line":67,"column":4}},"28":{"start":{"line":43,"column":4},"end":{"line":45,"column":null}},"29":{"start":{"line":44,"column":6},"end":{"line":44,"column":55}},"30":{"start":{"line":47,"column":38},"end":{"line":47,"column":40}},"31":{"start":{"line":50,"column":18},"end":{"line":50,"column":31}},"32":{"start":{"line":51,"column":24},"end":{"line":51,"column":35}},"33":{"start":{"line":52,"column":6},"end":{"line":54,"column":null}},"34":{"start":{"line":53,"column":8},"end":{"line":53,"column":54}},"35":{"start":{"line":55,"column":21},"end":{"line":55,"column":58}},"36":{"start":{"line":56,"column":18},"end":{"line":56,"column":43}},"37":{"start":{"line":58,"column":6},"end":{"line":60,"column":null}},"38":{"start":{"line":59,"column":8},"end":{"line":59,"column":43}},"39":{"start":{"line":61,"column":6},"end":{"line":63,"column":null}},"40":{"start":{"line":62,"column":8},"end":{"line":62,"column":64}},"41":{"start":{"line":62,"column":41},"end":{"line":62,"column":62}},"42":{"start":{"line":49,"column":4},"end":{"line":64,"column":null}},"43":{"start":{"line":49,"column":17},"end":{"line":49,"column":18}},"44":{"start":{"line":49,"column":13},"end":{"line":49,"column":17}},"45":{"start":{"line":66,"column":4},"end":{"line":66,"column":45}},"46":{"start":{"line":39,"column":0},"end":{"line":39,"column":16}}},"fnMap":{"0":{"name":"parseMessage","decl":{"start":{"line":4,"column":9},"end":{"line":4,"column":21}},"loc":{"start":{"line":4,"column":33},"end":{"line":23,"column":1}}},"1":{"name":"makeErr","decl":{"start":{"line":25,"column":9},"end":{"line":25,"column":16}},"loc":{"start":{"line":25,"column":44},"end":{"line":32,"column":1}}},"2":{"name":"createValidate","decl":{"start":{"line":39,"column":16},"end":{"line":39,"column":30}},"loc":{"start":{"line":39,"column":80},"end":{"line":68,"column":1}}},"3":{"name":"validate","decl":{"start":{"line":42,"column":18},"end":{"line":42,"column":26}},"loc":{"start":{"line":42,"column":34},"end":{"line":67,"column":3}}},"4":{"name":"(anonymous_5)","decl":{"start":{"line":62,"column":31},"end":{"line":62,"column":37}},"loc":{"start":{"line":62,"column":37},"end":{"line":62,"column":48}}}},"branchMap":{"0":{"loc":{"start":{"line":10,"column":4},"end":{"line":20,"column":null}},"type":"if","locations":[{"start":{"line":10,"column":4},"end":{"line":20,"column":null}},{"start":{"line":10,"column":4},"end":{"line":20,"column":null}}]},"1":{"loc":{"start":{"line":14,"column":11},"end":{"line":20,"column":null}},"type":"if","locations":[{"start":{"line":14,"column":11},"end":{"line":20,"column":null}},{"start":{"line":14,"column":11},"end":{"line":20,"column":null}}]},"2":{"loc":{"start":{"line":26,"column":2},"end":{"line":31,"column":null}},"type":"if","locations":[{"start":{"line":26,"column":2},"end":{"line":31,"column":null}},{"start":{"line":26,"column":2},"end":{"line":31,"column":null}}]},"3":{"loc":{"start":{"line":26,"column":6},"end":{"line":26,"column":29}},"type":"binary-expr","locations":[{"start":{"line":26,"column":6},"end":{"line":26,"column":29}},{"start":{"line":26,"column":33},"end":{"line":26,"column":56}}]},"4":{"loc":{"start":{"line":43,"column":4},"end":{"line":45,"column":null}},"type":"if","locations":[{"start":{"line":43,"column":4},"end":{"line":45,"column":null}},{"start":{"line":43,"column":4},"end":{"line":45,"column":null}}]},"5":{"loc":{"start":{"line":52,"column":6},"end":{"line":54,"column":null}},"type":"if","locations":[{"start":{"line":52,"column":6},"end":{"line":54,"column":null}},{"start":{"line":52,"column":6},"end":{"line":54,"column":null}}]},"6":{"loc":{"start":{"line":52,"column":10},"end":{"line":52,"column":35}},"type":"binary-expr","locations":[{"start":{"line":52,"column":10},"end":{"line":52,"column":35}},{"start":{"line":52,"column":39},"end":{"line":52,"column":49}}]},"7":{"loc":{"start":{"line":58,"column":6},"end":{"line":60,"column":null}},"type":"if","locations":[{"start":{"line":58,"column":6},"end":{"line":60,"column":null}},{"start":{"line":58,"column":6},"end":{"line":60,"column":null}}]},"8":{"loc":{"start":{"line":61,"column":6},"end":{"line":63,"column":null}},"type":"if","locations":[{"start":{"line":61,"column":6},"end":{"line":63,"column":null}},{"start":{"line":61,"column":6},"end":{"line":63,"column":null}}]},"9":{"loc":{"start":{"line":66,"column":31},"end":{"line":66,"column":37}},"type":"cond-expr","locations":[{"start":{"line":66,"column":31},"end":{"line":66,"column":37}},{"start":{"line":66,"column":40},"end":{"line":66,"column":44}}]}},"s":{"0":1,"1":1,"2":5,"3":5,"4":5,"5":5,"6":5,"7":10,"8":10,"9":1,"10":1,"11":1,"12":1,"13":9,"14":4,"15":4,"16":4,"17":4,"18":5,"19":5,"20":5,"21":5,"22":5,"23":5,"24":5,"25":0,"26":11,"27":11,"28":32,"29":6,"30":26,"31":62,"32":62,"33":62,"34":3,"35":59,"36":59,"37":59,"38":18,"39":59,"40":3,"41":5,"42":26,"43":26,"44":62,"45":23,"46":1},"f":{"0":5,"1":5,"2":11,"3":32,"4":5},"b":{"0":[1,9],"1":[4,5],"2":[5,0],"3":[5,4],"4":[6,26],"5":[3,59],"6":[62,59],"7":[18,41],"8":[3,56],"9":[14,9]}}
,"/home/khaled/projects/web/tiny-schema-validator/src/validators.ts": {"path":"/home/khaled/projects/web/tiny-schema-validator/src/validators.ts","statementMap":{"0":{"start":{"line":1,"column":0},"end":{"line":1,"column":52}},"1":{"start":{"line":44,"column":24},"end":{"line":45,"column":7}},"2":{"start":{"line":45,"column":2},"end":{"line":45,"column":47}},"3":{"start":{"line":48,"column":2},"end":{"line":48,"column":53}},"4":{"start":{"line":48,"column":41},"end":{"line":48,"column":53}},"5":{"start":{"line":50,"column":2},"end":{"line":50,"column":54}},"6":{"start":{"line":50,"column":32},"end":{"line":50,"column":54}},"7":{"start":{"line":52,"column":34},"end":{"line":52,"column":76}},"8":{"start":{"line":52,"column":16},"end":{"line":52,"column":18}},"9":{"start":{"line":52,"column":30},"end":{"line":52,"column":34}},"10":{"start":{"line":53,"column":2},"end":{"line":53,"column":83}},"11":{"start":{"line":53,"column":63},"end":{"line":53,"column":83}},"12":{"start":{"line":55,"column":39},"end":{"line":55,"column":85}},"13":{"start":{"line":55,"column":18},"end":{"line":55,"column":20}},"14":{"start":{"line":55,"column":35},"end":{"line":55,"column":39}},"15":{"start":{"line":56,"column":2},"end":{"line":57,"column":27}},"16":{"start":{"line":57,"column":4},"end":{"line":57,"column":27}},"17":{"start":{"line":59,"column":39},"end":{"line":59,"column":85}},"18":{"start":{"line":59,"column":18},"end":{"line":59,"column":20}},"19":{"start":{"line":59,"column":35},"end":{"line":59,"column":39}},"20":{"start":{"line":61,"column":2},"end":{"line":62,"column":27}},"21":{"start":{"line":62,"column":4},"end":{"line":62,"column":27}},"22":{"start":{"line":64,"column":2},"end":{"line":64,"column":14}},"23":{"start":{"line":47,"column":0},"end":{"line":47,"column":16}},"24":{"start":{"line":68,"column":2},"end":{"line":68,"column":53}},"25":{"start":{"line":68,"column":41},"end":{"line":68,"column":53}},"26":{"start":{"line":70,"column":2},"end":{"line":70,"column":54}},"27":{"start":{"line":70,"column":32},"end":{"line":70,"column":54}},"28":{"start":{"line":72,"column":2},"end":{"line":72,"column":42}},"29":{"start":{"line":72,"column":20},"end":{"line":72,"column":42}},"30":{"start":{"line":74,"column":27},"end":{"line":74,"column":61}},"31":{"start":{"line":74,"column":12},"end":{"line":74,"column":14}},"32":{"start":{"line":74,"column":23},"end":{"line":74,"column":27}},"33":{"start":{"line":75,"column":2},"end":{"line":75,"column":90}},"34":{"start":{"line":75,"column":73},"end":{"line":75,"column":90}},"35":{"start":{"line":77,"column":27},"end":{"line":77,"column":61}},"36":{"start":{"line":77,"column":12},"end":{"line":77,"column":14}},"37":{"start":{"line":77,"column":23},"end":{"line":77,"column":27}},"38":{"start":{"line":78,"column":2},"end":{"line":78,"column":90}},"39":{"start":{"line":78,"column":73},"end":{"line":78,"column":90}},"40":{"start":{"line":80,"column":2},"end":{"line":80,"column":14}},"41":{"start":{"line":67,"column":0},"end":{"line":67,"column":16}},"42":{"start":{"line":84,"column":2},"end":{"line":84,"column":53}},"43":{"start":{"line":84,"column":41},"end":{"line":84,"column":53}},"44":{"start":{"line":86,"column":2},"end":{"line":86,"column":55}},"45":{"start":{"line":86,"column":33},"end":{"line":86,"column":55}},"46":{"start":{"line":88,"column":2},"end":{"line":88,"column":14}},"47":{"start":{"line":83,"column":0},"end":{"line":83,"column":16}},"48":{"start":{"line":95,"column":2},"end":{"line":95,"column":53}},"49":{"start":{"line":95,"column":41},"end":{"line":95,"column":53}},"50":{"start":{"line":97,"column":2},"end":{"line":97,"column":51}},"51":{"start":{"line":97,"column":29},"end":{"line":97,"column":51}},"52":{"start":{"line":99,"column":2},"end":{"line":99,"column":67}},"53":{"start":{"line":99,"column":39},"end":{"line":99,"column":67}},"54":{"start":{"line":101,"column":27},"end":{"line":101,"column":29}},"55":{"start":{"line":102,"column":20},"end":{"line":102,"column":48}},"56":{"start":{"line":103,"column":27},"end":{"line":103,"column":77}},"57":{"start":{"line":105,"column":2},"end":{"line":110,"column":null}},"58":{"start":{"line":105,"column":15},"end":{"line":105,"column":16}},"59":{"start":{"line":106,"column":21},"end":{"line":106,"column":33}},"60":{"start":{"line":107,"column":27},"end":{"line":107,"column":52}},"61":{"start":{"line":108,"column":16},"end":{"line":108,"column":85}},"62":{"start":{"line":109,"column":4},"end":{"line":109,"column":49}},"63":{"start":{"line":109,"column":13},"end":{"line":109,"column":49}},"64":{"start":{"line":112,"column":2},"end":{"line":121,"column":null}},"65":{"start":{"line":113,"column":24},"end":{"line":114,"column":null}},"66":{"start":{"line":114,"column":13},"end":{"line":114,"column":null}},"67":{"start":{"line":116,"column":4},"end":{"line":120,"column":null}},"68":{"start":{"line":116,"column":17},"end":{"line":116,"column":18}},"69":{"start":{"line":117,"column":18},"end":{"line":117,"column":32}},"70":{"start":{"line":118,"column":18},"end":{"line":118,"column":83}},"71":{"start":{"line":119,"column":6},"end":{"line":119,"column":46}},"72":{"start":{"line":119,"column":15},"end":{"line":119,"column":46}},"73":{"start":{"line":123,"column":2},"end":{"line":123,"column":43}},"74":{"start":{"line":91,"column":0},"end":{"line":91,"column":16}},"75":{"start":{"line":127,"column":2},"end":{"line":127,"column":53}},"76":{"start":{"line":127,"column":41},"end":{"line":127,"column":53}},"77":{"start":{"line":129,"column":2},"end":{"line":129,"column":51}},"78":{"start":{"line":129,"column":29},"end":{"line":129,"column":51}},"79":{"start":{"line":131,"column":2},"end":{"line":131,"column":47}},"80":{"start":{"line":131,"column":21},"end":{"line":131,"column":47}},"81":{"start":{"line":133,"column":27},"end":{"line":133,"column":29}},"82":{"start":{"line":135,"column":2},"end":{"line":138,"column":null}},"83":{"start":{"line":135,"column":15},"end":{"line":135,"column":16}},"84":{"start":{"line":136,"column":16},"end":{"line":136,"column":47}},"85":{"start":{"line":137,"column":4},"end":{"line":137,"column":42}},"86":{"start":{"line":137,"column":13},"end":{"line":137,"column":42}},"87":{"start":{"line":140,"column":2},"end":{"line":140,"column":43}},"88":{"start":{"line":126,"column":0},"end":{"line":126,"column":16}},"89":{"start":{"line":144,"column":2},"end":{"line":157,"column":null}},"90":{"start":{"line":145,"column":4},"end":{"line":145,"column":44}},"91":{"start":{"line":146,"column":9},"end":{"line":157,"column":null}},"92":{"start":{"line":147,"column":4},"end":{"line":147,"column":44}},"93":{"start":{"line":148,"column":9},"end":{"line":157,"column":null}},"94":{"start":{"line":149,"column":4},"end":{"line":149,"column":43}},"95":{"start":{"line":150,"column":9},"end":{"line":157,"column":null}},"96":{"start":{"line":151,"column":4},"end":{"line":151,"column":45}},"97":{"start":{"line":152,"column":9},"end":{"line":157,"column":null}},"98":{"start":{"line":153,"column":4},"end":{"line":153,"column":44}},"99":{"start":{"line":156,"column":4},"end":{"line":156,"column":78}},"100":{"start":{"line":143,"column":0},"end":{"line":143,"column":16}}},"fnMap":{"0":{"name":"(anonymous_0)","decl":{"start":{"line":44,"column":24},"end":{"line":44,"column":25}},"loc":{"start":{"line":44,"column":61},"end":{"line":45,"column":7}}},"1":{"name":"validateString","decl":{"start":{"line":47,"column":16},"end":{"line":47,"column":30}},"loc":{"start":{"line":47,"column":73},"end":{"line":65,"column":1}}},"2":{"name":"validateNumber","decl":{"start":{"line":67,"column":16},"end":{"line":67,"column":30}},"loc":{"start":{"line":67,"column":73},"end":{"line":81,"column":1}}},"3":{"name":"validateBoolean","decl":{"start":{"line":83,"column":16},"end":{"line":83,"column":31}},"loc":{"start":{"line":83,"column":75},"end":{"line":89,"column":1}}},"4":{"name":"validateObject","decl":{"start":{"line":91,"column":16},"end":{"line":91,"column":30}},"loc":{"start":{"line":93,"column":16},"end":{"line":124,"column":1}}},"5":{"name":"(anonymous_5)","decl":{"start":{"line":114,"column":6},"end":{"line":114,"column":9}},"loc":{"start":{"line":114,"column":9},"end":{"line":114,"column":14}}},"6":{"name":"validateArray","decl":{"start":{"line":126,"column":16},"end":{"line":126,"column":29}},"loc":{"start":{"line":126,"column":71},"end":{"line":141,"column":1}}},"7":{"name":"reducer","decl":{"start":{"line":143,"column":16},"end":{"line":143,"column":23}},"loc":{"start":{"line":143,"column":60},"end":{"line":158,"column":1}}}},"branchMap":{"0":{"loc":{"start":{"line":45,"column":2},"end":{"line":45,"column":15}},"type":"binary-expr","locations":[{"start":{"line":45,"column":2},"end":{"line":45,"column":15}},{"start":{"line":45,"column":19},"end":{"line":45,"column":46}}]},"1":{"loc":{"start":{"line":48,"column":2},"end":{"line":48,"column":53}},"type":"if","locations":[{"start":{"line":48,"column":2},"end":{"line":48,"column":53}},{"start":{"line":48,"column":2},"end":{"line":48,"column":53}}]},"2":{"loc":{"start":{"line":50,"column":2},"end":{"line":50,"column":54}},"type":"if","locations":[{"start":{"line":50,"column":2},"end":{"line":50,"column":54}},{"start":{"line":50,"column":2},"end":{"line":50,"column":54}}]},"3":{"loc":{"start":{"line":52,"column":54},"end":{"line":52,"column":71}},"type":"cond-expr","locations":[{"start":{"line":52,"column":54},"end":{"line":52,"column":71}},{"start":{"line":52,"column":74},"end":{"line":52,"column":76}}]},"4":{"loc":{"start":{"line":53,"column":2},"end":{"line":53,"column":83}},"type":"if","locations":[{"start":{"line":53,"column":2},"end":{"line":53,"column":83}},{"start":{"line":53,"column":2},"end":{"line":53,"column":83}}]},"5":{"loc":{"start":{"line":53,"column":6},"end":{"line":53,"column":13}},"type":"binary-expr","locations":[{"start":{"line":53,"column":6},"end":{"line":53,"column":13}},{"start":{"line":53,"column":17},"end":{"line":53,"column":29}},{"start":{"line":53,"column":33},"end":{"line":53,"column":61}}]},"6":{"loc":{"start":{"line":55,"column":61},"end":{"line":55,"column":80}},"type":"cond-expr","locations":[{"start":{"line":55,"column":61},"end":{"line":55,"column":80}},{"start":{"line":55,"column":83},"end":{"line":55,"column":85}}]},"7":{"loc":{"start":{"line":56,"column":2},"end":{"line":57,"column":27}},"type":"if","locations":[{"start":{"line":56,"column":2},"end":{"line":57,"column":27}},{"start":{"line":56,"column":2},"end":{"line":57,"column":27}}]},"8":{"loc":{"start":{"line":56,"column":6},"end":{"line":56,"column":15}},"type":"binary-expr","locations":[{"start":{"line":56,"column":6},"end":{"line":56,"column":15}},{"start":{"line":56,"column":19},"end":{"line":56,"column":34}},{"start":{"line":56,"column":38},"end":{"line":56,"column":66}},{"start":{"line":56,"column":70},"end":{"line":56,"column":94}}]},"9":{"loc":{"start":{"line":59,"column":61},"end":{"line":59,"column":80}},"type":"cond-expr","locations":[{"start":{"line":59,"column":61},"end":{"line":59,"column":80}},{"start":{"line":59,"column":83},"end":{"line":59,"column":85}}]},"10":{"loc":{"start":{"line":61,"column":2},"end":{"line":62,"column":27}},"type":"if","locations":[{"start":{"line":61,"column":2},"end":{"line":62,"column":27}},{"start":{"line":61,"column":2},"end":{"line":62,"column":27}}]},"11":{"loc":{"start":{"line":61,"column":6},"end":{"line":61,"column":15}},"type":"binary-expr","locations":[{"start":{"line":61,"column":6},"end":{"line":61,"column":15}},{"start":{"line":61,"column":19},"end":{"line":61,"column":34}},{"start":{"line":61,"column":38},"end":{"line":61,"column":66}},{"start":{"line":61,"column":70},"end":{"line":61,"column":94}}]},"12":{"loc":{"start":{"line":68,"column":2},"end":{"line":68,"column":53}},"type":"if","locations":[{"start":{"line":68,"column":2},"end":{"line":68,"column":53}},{"start":{"line":68,"column":2},"end":{"line":68,"column":53}}]},"13":{"loc":{"start":{"line":70,"column":2},"end":{"line":70,"column":54}},"type":"if","locations":[{"start":{"line":70,"column":2},"end":{"line":70,"column":54}},{"start":{"line":70,"column":2},"end":{"line":70,"column":54}}]},"14":{"loc":{"start":{"line":72,"column":2},"end":{"line":72,"column":42}},"type":"if","locations":[{"start":{"line":72,"column":2},"end":{"line":72,"column":42}},{"start":{"line":72,"column":2},"end":{"line":72,"column":42}}]},"15":{"loc":{"start":{"line":74,"column":43},"end":{"line":74,"column":56}},"type":"cond-expr","locations":[{"start":{"line":74,"column":43},"end":{"line":74,"column":56}},{"start":{"line":74,"column":59},"end":{"line":74,"column":61}}]},"16":{"loc":{"start":{"line":75,"column":2},"end":{"line":75,"column":90}},"type":"if","locations":[{"start":{"line":75,"column":2},"end":{"line":75,"column":90}},{"start":{"line":75,"column":2},"end":{"line":75,"column":90}}]},"17":{"loc":{"start":{"line":75,"column":6},"end":{"line":75,"column":28}},"type":"binary-expr","locations":[{"start":{"line":75,"column":6},"end":{"line":75,"column":28}},{"start":{"line":75,"column":32},"end":{"line":75,"column":41}},{"start":{"line":75,"column":45},"end":{"line":75,"column":56}},{"start":{"line":75,"column":60},"end":{"line":75,"column":71}}]},"18":{"loc":{"start":{"line":77,"column":43},"end":{"line":77,"column":56}},"type":"cond-expr","locations":[{"start":{"line":77,"column":43},"end":{"line":77,"column":56}},{"start":{"line":77,"column":59},"end":{"line":77,"column":61}}]},"19":{"loc":{"start":{"line":78,"column":2},"end":{"line":78,"column":90}},"type":"if","locations":[{"start":{"line":78,"column":2},"end":{"line":78,"column":90}},{"start":{"line":78,"column":2},"end":{"line":78,"column":90}}]},"20":{"loc":{"start":{"line":78,"column":6},"end":{"line":78,"column":28}},"type":"binary-expr","locations":[{"start":{"line":78,"column":6},"end":{"line":78,"column":28}},{"start":{"line":78,"column":32},"end":{"line":78,"column":41}},{"start":{"line":78,"column":45},"end":{"line":78,"column":56}},{"start":{"line":78,"column":60},"end":{"line":78,"column":71}}]},"21":{"loc":{"start":{"line":84,"column":2},"end":{"line":84,"column":53}},"type":"if","locations":[{"start":{"line":84,"column":2},"end":{"line":84,"column":53}},{"start":{"line":84,"column":2},"end":{"line":84,"column":53}}]},"22":{"loc":{"start":{"line":86,"column":2},"end":{"line":86,"column":55}},"type":"if","locations":[{"start":{"line":86,"column":2},"end":{"line":86,"column":55}},{"start":{"line":86,"column":2},"end":{"line":86,"column":55}}]},"23":{"loc":{"start":{"line":95,"column":2},"end":{"line":95,"column":53}},"type":"if","locations":[{"start":{"line":95,"column":2},"end":{"line":95,"column":53}},{"start":{"line":95,"column":2},"end":{"line":95,"column":53}}]},"24":{"loc":{"start":{"line":97,"column":2},"end":{"line":97,"column":51}},"type":"if","locations":[{"start":{"line":97,"column":2},"end":{"line":97,"column":51}},{"start":{"line":97,"column":2},"end":{"line":97,"column":51}}]},"25":{"loc":{"start":{"line":99,"column":2},"end":{"line":99,"column":67}},"type":"if","locations":[{"start":{"line":99,"column":2},"end":{"line":99,"column":67}},{"start":{"line":99,"column":2},"end":{"line":99,"column":67}}]},"26":{"loc":{"start":{"line":109,"column":4},"end":{"line":109,"column":49}},"type":"if","locations":[{"start":{"line":109,"column":4},"end":{"line":109,"column":49}},{"start":{"line":109,"column":4},"end":{"line":109,"column":49}}]},"27":{"loc":{"start":{"line":112,"column":2},"end":{"line":121,"column":null}},"type":"if","locations":[{"start":{"line":112,"column":2},"end":{"line":121,"column":null}},{"start":{"line":112,"column":2},"end":{"line":121,"column":null}}]},"28":{"loc":{"start":{"line":119,"column":6},"end":{"line":119,"column":46}},"type":"if","locations":[{"start":{"line":119,"column":6},"end":{"line":119,"column":46}},{"start":{"line":119,"column":6},"end":{"line":119,"column":46}}]},"29":{"loc":{"start":{"line":123,"column":29},"end":{"line":123,"column":35}},"type":"cond-expr","locations":[{"start":{"line":123,"column":29},"end":{"line":123,"column":35}},{"start":{"line":123,"column":38},"end":{"line":123,"column":42}}]},"30":{"loc":{"start":{"line":127,"column":2},"end":{"line":127,"column":53}},"type":"if","locations":[{"start":{"line":127,"column":2},"end":{"line":127,"column":53}},{"start":{"line":127,"column":2},"end":{"line":127,"column":53}}]},"31":{"loc":{"start":{"line":129,"column":2},"end":{"line":129,"column":51}},"type":"if","locations":[{"start":{"line":129,"column":2},"end":{"line":129,"column":51}},{"start":{"line":129,"column":2},"end":{"line":129,"column":51}}]},"32":{"loc":{"start":{"line":131,"column":2},"end":{"line":131,"column":47}},"type":"if","locations":[{"start":{"line":131,"column":2},"end":{"line":131,"column":47}},{"start":{"line":131,"column":2},"end":{"line":131,"column":47}}]},"33":{"loc":{"start":{"line":137,"column":4},"end":{"line":137,"column":42}},"type":"if","locations":[{"start":{"line":137,"column":4},"end":{"line":137,"column":42}},{"start":{"line":137,"column":4},"end":{"line":137,"column":42}}]},"34":{"loc":{"start":{"line":140,"column":29},"end":{"line":140,"column":35}},"type":"cond-expr","locations":[{"start":{"line":140,"column":29},"end":{"line":140,"column":35}},{"start":{"line":140,"column":38},"end":{"line":140,"column":42}}]},"35":{"loc":{"start":{"line":144,"column":2},"end":{"line":157,"column":null}},"type":"if","locations":[{"start":{"line":144,"column":2},"end":{"line":157,"column":null}},{"start":{"line":144,"column":2},"end":{"line":157,"column":null}}]},"36":{"loc":{"start":{"line":146,"column":9},"end":{"line":157,"column":null}},"type":"if","locations":[{"start":{"line":146,"column":9},"end":{"line":157,"column":null}},{"start":{"line":146,"column":9},"end":{"line":157,"column":null}}]},"37":{"loc":{"start":{"line":148,"column":9},"end":{"line":157,"column":null}},"type":"if","locations":[{"start":{"line":148,"column":9},"end":{"line":157,"column":null}},{"start":{"line":148,"column":9},"end":{"line":157,"column":null}}]},"38":{"loc":{"start":{"line":150,"column":9},"end":{"line":157,"column":null}},"type":"if","locations":[{"start":{"line":150,"column":9},"end":{"line":157,"column":null}},{"start":{"line":150,"column":9},"end":{"line":157,"column":null}}]},"39":{"loc":{"start":{"line":152,"column":9},"end":{"line":157,"column":null}},"type":"if","locations":[{"start":{"line":152,"column":9},"end":{"line":157,"column":null}},{"start":{"line":152,"column":9},"end":{"line":157,"column":null}}]}},"s":{"0":1,"1":1,"2":77,"3":43,"4":1,"5":42,"6":8,"7":34,"8":34,"9":34,"10":34,"11":2,"12":32,"13":32,"14":32,"15":32,"16":2,"17":30,"18":30,"19":30,"20":30,"21":3,"22":27,"23":1,"24":17,"25":0,"26":17,"27":5,"28":12,"29":0,"30":12,"31":12,"32":12,"33":12,"34":2,"35":10,"36":10,"37":10,"38":10,"39":0,"40":10,"41":1,"42":9,"43":0,"44":9,"45":1,"46":8,"47":1,"48":4,"49":0,"50":4,"51":0,"52":4,"53":0,"54":4,"55":4,"56":4,"57":4,"58":4,"59":8,"60":8,"61":8,"62":8,"63":4,"64":4,"65":4,"66":9,"67":4,"68":4,"69":1,"70":1,"71":1,"72":0,"73":4,"74":1,"75":4,"76":0,"77":4,"78":0,"79":4,"80":0,"81":4,"82":4,"83":4,"84":9,"85":9,"86":1,"87":4,"88":1,"89":77,"90":43,"91":34,"92":17,"93":17,"94":4,"95":13,"96":9,"97":4,"98":4,"99":0,"100":1},"f":{"0":77,"1":43,"2":17,"3":9,"4":4,"5":9,"6":4,"7":77},"b":{"0":[77,4],"1":[1,42],"2":[8,34],"3":[12,22],"4":[2,32],"5":[34,12,12],"6":[14,18],"7":[2,30],"8":[32,14,14,14],"9":[12,18],"10":[3,27],"11":[30,12,12,12],"12":[0,17],"13":[5,12],"14":[0,12],"15":[8,4],"16":[2,10],"17":[12,8,8,8],"18":[6,4],"19":[0,10],"20":[10,6,6,6],"21":[0,9],"22":[1,8],"23":[0,4],"24":[0,4],"25":[0,4],"26":[4,4],"27":[4,0],"28":[0,1],"29":[2,2],"30":[0,4],"31":[0,4],"32":[0,4],"33":[1,8],"34":[1,3],"35":[43,34],"36":[17,17],"37":[4,13],"38":[9,4],"39":[4,0]}}
}
