TN:
SF:src/index.ts
FN:17,createSchema
FN:27,(anonymous_1)
FN:30,(anonymous_2)
FNF:3
FNH:3
FNDA:14,createSchema
FNDA:2,(anonymous_1)
FNDA:8,(anonymous_2)
DA:1,1
DA:3,1
DA:5,1
DA:17,1
DA:18,14
DA:19,3
DA:22,11
DA:23,11
DA:25,11
DA:27,3
DA:28,2
DA:31,8
DA:32,5
DA:33,1
LF:14
LH:14
BRDA:18,0,0,3
BRDA:18,0,1,11
BRDA:27,1,0,1
BRDA:27,1,1,1
BRDA:32,2,0,4
BRDA:32,2,1,1
BRF:6
BRH:6
end_of_record
TN:
SF:src/validate.ts
FN:4,parseMessage
FN:25,makeErr
FN:39,createValidate
FN:42,validate
FN:62,(anonymous_5)
FNF:5
FNH:5
FNDA:5,parseMessage
FNDA:5,makeErr
FNDA:11,createValidate
FNDA:32,validate
FNDA:5,(anonymous_5)
DA:1,1
DA:2,1
DA:5,5
DA:6,5
DA:7,5
DA:8,5
DA:9,10
DA:10,10
DA:11,1
DA:12,1
DA:13,1
DA:14,9
DA:15,4
DA:16,4
DA:17,4
DA:19,5
DA:22,5
DA:26,5
DA:27,5
DA:28,5
DA:30,0
DA:39,1
DA:40,11
DA:42,11
DA:43,32
DA:44,6
DA:47,26
DA:49,62
DA:50,62
DA:51,62
DA:52,62
DA:53,3
DA:55,59
DA:56,59
DA:58,59
DA:59,18
DA:61,59
DA:62,5
DA:66,23
LF:39
LH:38
BRDA:10,0,0,1
BRDA:10,0,1,9
BRDA:14,1,0,4
BRDA:14,1,1,5
BRDA:26,2,0,5
BRDA:26,2,1,0
BRDA:26,3,0,5
BRDA:26,3,1,4
BRDA:43,4,0,6
BRDA:43,4,1,26
BRDA:52,5,0,3
BRDA:52,5,1,59
BRDA:52,6,0,62
BRDA:52,6,1,59
BRDA:58,7,0,18
BRDA:58,7,1,41
BRDA:61,8,0,3
BRDA:61,8,1,56
BRDA:66,9,0,14
BRDA:66,9,1,9
BRF:20
BRH:19
end_of_record
TN:
SF:src/validators.ts
FN:44,(anonymous_0)
FN:47,validateString
FN:67,validateNumber
FN:83,validateBoolean
FN:91,validateObject
FN:114,(anonymous_5)
FN:126,validateArray
FN:143,reducer
FNF:8
FNH:8
FNDA:77,(anonymous_0)
FNDA:43,validateString
FNDA:17,validateNumber
FNDA:9,validateBoolean
FNDA:4,validateObject
FNDA:9,(anonymous_5)
FNDA:4,validateArray
FNDA:77,reducer
DA:1,1
DA:44,1
DA:45,77
DA:47,1
DA:48,43
DA:50,42
DA:52,34
DA:53,34
DA:55,32
DA:56,32
DA:57,2
DA:59,30
DA:61,30
DA:62,3
DA:64,27
DA:67,1
DA:68,17
DA:70,17
DA:72,12
DA:74,12
DA:75,12
DA:77,10
DA:78,10
DA:80,10
DA:83,1
DA:84,9
DA:86,9
DA:88,8
DA:91,1
DA:95,4
DA:97,4
DA:99,4
DA:101,4
DA:102,4
DA:103,4
DA:105,4
DA:106,8
DA:107,8
DA:108,8
DA:109,8
DA:112,4
DA:113,4
DA:114,9
DA:116,4
DA:117,1
DA:118,1
DA:119,1
DA:123,4
DA:126,1
DA:127,4
DA:129,4
DA:131,4
DA:133,4
DA:135,4
DA:136,9
DA:137,9
DA:140,4
DA:143,1
DA:144,77
DA:145,43
DA:146,34
DA:147,17
DA:148,17
DA:149,4
DA:150,13
DA:151,9
DA:152,4
DA:153,4
DA:156,0
LF:69
LH:68
BRDA:45,0,0,77
BRDA:45,0,1,4
BRDA:48,1,0,1
BRDA:48,1,1,42
BRDA:50,2,0,8
BRDA:50,2,1,34
BRDA:52,3,0,12
BRDA:52,3,1,22
BRDA:53,4,0,2
BRDA:53,4,1,32
BRDA:53,5,0,34
BRDA:53,5,1,12
BRDA:53,5,2,12
BRDA:55,6,0,14
BRDA:55,6,1,18
BRDA:56,7,0,2
BRDA:56,7,1,30
BRDA:56,8,0,32
BRDA:56,8,1,14
BRDA:56,8,2,14
BRDA:56,8,3,14
BRDA:59,9,0,12
BRDA:59,9,1,18
BRDA:61,10,0,3
BRDA:61,10,1,27
BRDA:61,11,0,30
BRDA:61,11,1,12
BRDA:61,11,2,12
BRDA:61,11,3,12
BRDA:68,12,0,0
BRDA:68,12,1,17
BRDA:70,13,0,5
BRDA:70,13,1,12
BRDA:72,14,0,0
BRDA:72,14,1,12
BRDA:74,15,0,8
BRDA:74,15,1,4
BRDA:75,16,0,2
BRDA:75,16,1,10
BRDA:75,17,0,12
BRDA:75,17,1,8
BRDA:75,17,2,8
BRDA:75,17,3,8
BRDA:77,18,0,6
BRDA:77,18,1,4
BRDA:78,19,0,0
BRDA:78,19,1,10
BRDA:78,20,0,10
BRDA:78,20,1,6
BRDA:78,20,2,6
BRDA:78,20,3,6
BRDA:84,21,0,0
BRDA:84,21,1,9
BRDA:86,22,0,1
BRDA:86,22,1,8
BRDA:95,23,0,0
BRDA:95,23,1,4
BRDA:97,24,0,0
BRDA:97,24,1,4
BRDA:99,25,0,0
BRDA:99,25,1,4
BRDA:109,26,0,4
BRDA:109,26,1,4
BRDA:112,27,0,4
BRDA:112,27,1,0
BRDA:119,28,0,0
BRDA:119,28,1,1
BRDA:123,29,0,2
BRDA:123,29,1,2
BRDA:127,30,0,0
BRDA:127,30,1,4
BRDA:129,31,0,0
BRDA:129,31,1,4
BRDA:131,32,0,0
BRDA:131,32,1,4
BRDA:137,33,0,1
BRDA:137,33,1,8
BRDA:140,34,0,1
BRDA:140,34,1,3
BRDA:144,35,0,43
BRDA:144,35,1,34
BRDA:146,36,0,17
BRDA:146,36,1,17
BRDA:148,37,0,4
BRDA:148,37,1,13
BRDA:150,38,0,9
BRDA:150,38,1,4
BRDA:152,39,0,4
BRDA:152,39,1,0
BRF:89
BRH:76
end_of_record
